[14:49:01] [main/INFO]: Setting user: Developer
[14:49:01] [Client thread/INFO]: LWJGL Version: 2.9.4
[14:49:06] [Client thread/INFO]: Reloading ResourceManager: Default, FMLFileResourcePack:Forge Mod Loader, FMLFileResourcePack:Minecraft Forge, FMLFileResourcePack:Command Blocker
[14:49:07] [Client thread/INFO]: Created: 16x16 textures/blocks-atlas
[14:49:07] [Client thread/INFO]: Created: 16x16 textures/items-atlas
[14:49:07] [Client thread/INFO]: Reloading ResourceManager: Default, FMLFileResourcePack:Forge Mod Loader, FMLFileResourcePack:Minecraft Forge, FMLFileResourcePack:Command Blocker
[14:49:07] [Sound Library Loader/INFO]: Sound engine started
[14:49:07] [Client thread/INFO]: Created: 512x256 textures/blocks-atlas
[14:49:07] [Client thread/INFO]: Created: 256x256 textures/items-atlas
[14:49:08] [Sound Library Loader/INFO]: Sound engine started
[14:49:17] [Server thread/INFO]: Starting integrated minecraft server version 1.7.10
[14:49:17] [Server thread/INFO]: Generating keypair
[14:49:17] [Server thread/INFO]: Preparing start region for level 0
[14:49:18] [Server thread/INFO]: Changing view distance to 12, from 10
[14:49:18] [Server thread/INFO]: Developer[local:E:624d38ab] logged in with entity id 206 at (-135.56190739934777, 72.50062589970258, 249.29674399751508)
[14:49:18] [Server thread/INFO]: Developer joined the game
[14:49:23] [Client thread/INFO]: [CHAT] §cYou don't have permission to use this command
[14:49:29] [Server thread/INFO]: Saving and pausing game...
[14:49:29] [Server thread/INFO]: Saving chunks for level 'Testing'/Overworld
[14:49:29] [Server thread/INFO]: Saving chunks for level 'Testing'/Nether
[14:49:29] [Server thread/INFO]: Saving chunks for level 'Testing'/The End
[14:49:29] [Server thread/INFO]: Stopping server
[14:49:29] [Server thread/INFO]: Saving players
[14:49:29] [Server thread/INFO]: Saving worlds
[14:49:29] [Server thread/INFO]: Saving chunks for level 'Testing'/Overworld
[14:49:30] [Server thread/INFO]: Saving chunks for level 'Testing'/Nether
[14:49:30] [Server thread/INFO]: Saving chunks for level 'Testing'/The End
[14:49:31] [Client thread/INFO]: Stopping!
